<?xml version="1.0" encoding="UTF-8"?>
<testsuite xmlns:xsi="http://www.w3.org/2001/XMLSchema-instance" xsi:schemaLocation="https://maven.apache.org/surefire/maven-surefire-plugin/xsd/surefire-test-report.xsd" name="com.herokuapp.acceptancetests.AllTests" time="3.483" tests="9" errors="3" skipped="3" failures="0">
  <properties>
[...]
</properties>
  <testcase name="Given I search for &quot;test automation&quot;" classname="Scenario: Searching Google..." time="0.001"/>
  <testcase name="Then I google should show me results!" classname="Scenario: Searching Google..." time="0"/>
  <testcase name="Scenario: Searching Google..." classname="Scenario: Searching Google..." time="0.263"/>
  <testcase name="Given User is on site home page &quot;http://the-internet.herokuapp.com/&quot;&gt;" classname="Scenario: Login test" time="0.004">
    <error message="Session ID is null. Using WebDriver after calling quit()?&#10;Build info: version: &apos;3.0.1&apos;, revision: &apos;1969d75&apos;, time: &apos;2016-10-18 09:49:13 -0700&apos;&#10;System info: host: &apos;Poojas-MBP&apos;, ip: &apos;10.0.0.10&apos;, os.name: &apos;Mac OS X&apos;, os.arch: &apos;x86_64&apos;, os.version: &apos;10.15.3&apos;, java.version: &apos;13.0.2&apos;&#10;Driver info: driver.version: RemoteWebDriver" type="org.openqa.selenium.NoSuchSessionException">org.openqa.selenium.NoSuchSessionException: 
Session ID is null. Using WebDriver after calling quit()?
Build info: version: '3.0.1', revision: '1969d75', time: '2016-10-18 09:49:13 -0700'
System info: host: 'Poojas-MBP', ip: '10.0.0.10', os.name: 'Mac OS X', os.arch: 'x86_64', os.version: '10.15.3', java.version: '13.0.2'
Driver info: driver.version: RemoteWebDriver
</error>
    <system-out><![CDATA[
  Scenario: Searching Google...           &amp#27;[90m# target/test-classes/features/example.feature:8&amp#27;[0m
    &amp#27;[32mGiven &amp#27;[0m&amp#27;[32mI search for "&amp#27;[0m&amp#27;[32m&amp#27;[1mtest automation&amp#27;[0m&amp#27;[32m"&amp#27;[0m  &amp#27;[90m# ExampleSteps.i_search_for(String)&amp#27;[0m
    &amp#27;[32mThen &amp#27;[0m&amp#27;[32mI google should show me results!&amp#27;[0m &amp#27;[90m# ExampleSteps.i_google_should_show_me_results()&amp#27;[0m
@complete
Feature: LoginFeature
]]></system-out>
  </testcase>
  <testcase name="Scenario: Login test" classname="Scenario: Login test" time="0.004">
    <error message="Session ID is null. Using WebDriver after calling quit()?&#10;Build info: version: &apos;3.0.1&apos;, revision: &apos;1969d75&apos;, time: &apos;2016-10-18 09:49:13 -0700&apos;&#10;System info: host: &apos;Poojas-MBP&apos;, ip: &apos;10.0.0.10&apos;, os.name: &apos;Mac OS X&apos;, os.arch: &apos;x86_64&apos;, os.version: &apos;10.15.3&apos;, java.version: &apos;13.0.2&apos;&#10;Driver info: driver.version: RemoteWebDriver" type="org.openqa.selenium.NoSuchSessionException">org.openqa.selenium.NoSuchSessionException: 
Session ID is null. Using WebDriver after calling quit()?
Build info: version: '3.0.1', revision: '1969d75', time: '2016-10-18 09:49:13 -0700'
System info: host: 'Poojas-MBP', ip: '10.0.0.10', os.name: 'Mac OS X', os.arch: 'x86_64', os.version: '10.15.3', java.version: '13.0.2'
Driver info: driver.version: RemoteWebDriver
</error>
  </testcase>
  <testcase name="Scenario: Login test" classname="Scenario: Login test" time="0.007">
    <error message="Session ID is null. Using WebDriver after calling quit()?&#10;Build info: version: &apos;3.0.1&apos;, revision: &apos;1969d75&apos;, time: &apos;2016-10-18 09:49:13 -0700&apos;&#10;System info: host: &apos;Poojas-MBP&apos;, ip: &apos;10.0.0.10&apos;, os.name: &apos;Mac OS X&apos;, os.arch: &apos;x86_64&apos;, os.version: &apos;10.15.3&apos;, java.version: &apos;13.0.2&apos;&#10;Driver info: driver.version: RemoteWebDriver" type="org.openqa.selenium.NoSuchSessionException">org.openqa.selenium.NoSuchSessionException: 
Session ID is null. Using WebDriver after calling quit()?
Build info: version: '3.0.1', revision: '1969d75', time: '2016-10-18 09:49:13 -0700'
System info: host: 'Poojas-MBP', ip: '10.0.0.10', os.name: 'Mac OS X', os.arch: 'x86_64', os.version: '10.15.3', java.version: '13.0.2'
Driver info: driver.version: RemoteWebDriver
</error>
  </testcase>
  <testcase name="When user clicks on the basic auth link provided" classname="Scenario: Login test" time="0">
    <skipped/>
  </testcase>
  <testcase name="And user enter the username as &quot;admin&quot; and password as &quot;admin&quot; and clicks on sign in button" classname="Scenario: Login test" time="0">
    <skipped/>
  </testcase>
  <testcase name="Then user should be logged in and navigated to page &quot;http://the-internet.herokuapp.com/basic_auth&quot;" classname="Scenario: Login test" time="0">
    <skipped/>
  </testcase>
</testsuite>